<?xml version="1.0" encoding="UTF-8"?>
<!-- Generated by org.testng.reporters.JUnitXMLReporter -->
<testsuite ignored="0" hostname="DESKTOP-64JD4FC" failures="0" tests="3" name="E_commerceTest" time="37.733" errors="0" timestamp="2023-02-15T18:03:55 IST">
  <testcase classname="E_commerceTest.tests.Submit_Test" name="submitorder" time="7.724"/>
  <testcase classname="E_commerceTest.tests.Error_ValidationTest" name="errorCheck" time="0.749"/>
  <testcase classname="E_commerceTest.tests.Error_ValidationTest" name="product_Check" time="6.472"/>
</testsuite> <!-- E_commerceTest -->
