<?xml version="1.0" encoding="UTF-8"?>
<!-- Generated by org.testng.reporters.JUnitXMLReporter -->
<testsuite ignored="2" hostname="DESKTOP-64JD4FC" failures="0" tests="0" time="0.015" errors="0" timestamp="2023-02-23T14:35:55 IST">
  <testcase classname="E_commerceTest.tests.Error_ValidationTest" name="errorCheck" time="0.0">
    <ignored/>
  </testcase> <!-- errorCheck -->
  <testcase classname="E_commerceTest.tests.Error_ValidationTest" name="product_Check" time="0.0">
    <ignored/>
  </testcase> <!-- product_Check -->
</testsuite>
