<?xml version="1.0" encoding="UTF-8"?>
<!-- Generated by org.testng.reporters.JUnitXMLReporter -->
<testsuite hostname="DESKTOP-64JD4FC" ignored="2" tests="0" failures="0" timestamp="04 Mar 2023 15:24:17 GMT" time="0.005" errors="0">
  <testcase name="errorCheck" time="0.0" classname="E_commerceTest.tests.Error_ValidationTest">
    <ignored/>
  </testcase> <!-- errorCheck -->
  <testcase name="product_Check" time="0.0" classname="E_commerceTest.tests.Error_ValidationTest">
    <ignored/>
  </testcase> <!-- product_Check -->
</testsuite>
