<?xml version="1.0" encoding="UTF-8"?>
<!-- Generated by org.testng.reporters.JUnitXMLReporter -->
<testsuite hostname="DESKTOP-64JD4FC" ignored="1" name="Submit_Order" tests="2" failures="0" timestamp="04 Mar 2023 15:24:55 GMT" time="37.779" errors="0">
  <testcase name="submitorder" time="7.671" classname="E_commerceTest.tests.Submit_Test"/>
  <testcase name="submitorder" time="7.589" classname="E_commerceTest.tests.Submit_Test"/>
  <testcase name="OrdersHistory" time="0.0" classname="E_commerceTest.tests.Submit_Test">
    <ignored/>
  </testcase> <!-- OrdersHistory -->
</testsuite> <!-- Submit_Order -->
