<?xml version="1.0" encoding="UTF-8"?>
<testng-results skipped="0" failed="0" ignored="3" total="5" passed="2">
  <reporter-output>
  </reporter-output>
  <suite name="Suite" duration-ms="37779" started-at="2023-03-04T15:24:17Z" finished-at="2023-03-04T15:24:55Z">
    <groups>
      <group name="purchase">
        <method signature="Submit_Test.submitorder(java.util.HashMap)[pri:0, instance:E_commerceTest.tests.Submit_Test@4ddced80]" name="submitorder" class="E_commerceTest.tests.Submit_Test"/>
      </group> <!-- purchase -->
    </groups>
    <test name="Error_Validation" duration-ms="5" started-at="2023-03-04T15:24:17Z" finished-at="2023-03-04T15:24:17Z">
    </test> <!-- Error_Validation -->
    <test name="Submit_Order" duration-ms="37779" started-at="2023-03-04T15:24:17Z" finished-at="2023-03-04T15:24:55Z">
      <class name="E_commerceTest.tests.Submit_Test">
        <test-method status="PASS" signature="launchLogin()[pri:0, instance:E_commerceTest.tests.Submit_Test@4ddced80]" name="launchLogin" is-config="true" duration-ms="10095" started-at="2023-03-04T15:24:17Z" finished-at="2023-03-04T15:24:27Z">
          <reporter-output>
          </reporter-output>
        </test-method> <!-- launchLogin -->
        <test-method status="PASS" signature="submitorder(java.util.HashMap)[pri:0, instance:E_commerceTest.tests.Submit_Test@4ddced80]" name="submitorder" duration-ms="7671" started-at="2023-03-04T15:24:27Z" data-provider="getData" finished-at="2023-03-04T15:24:35Z">
          <params>
            <param index="0">
              <value>
                <![CDATA[{password=Pradeep1, item=IPHONE 13 PRO, emailid=pv@gmail.com}]]>
              </value>
            </param>
          </params>
          <reporter-output>
          </reporter-output>
        </test-method> <!-- submitorder -->
        <test-method status="PASS" signature="tearDown()[pri:0, instance:E_commerceTest.tests.Submit_Test@4ddced80]" name="tearDown" is-config="true" duration-ms="1324" started-at="2023-03-04T15:24:35Z" finished-at="2023-03-04T15:24:36Z">
          <reporter-output>
          </reporter-output>
        </test-method> <!-- tearDown -->
        <test-method status="PASS" signature="launchLogin()[pri:0, instance:E_commerceTest.tests.Submit_Test@4ddced80]" name="launchLogin" is-config="true" duration-ms="9732" started-at="2023-03-04T15:24:36Z" finished-at="2023-03-04T15:24:46Z">
          <reporter-output>
          </reporter-output>
        </test-method> <!-- launchLogin -->
        <test-method status="PASS" signature="submitorder(java.util.HashMap)[pri:0, instance:E_commerceTest.tests.Submit_Test@4ddced80]" name="submitorder" duration-ms="7589" started-at="2023-03-04T15:24:46Z" data-provider="getData" finished-at="2023-03-04T15:24:54Z">
          <params>
            <param index="0">
              <value>
                <![CDATA[{password=Pradeep12, item=ADIDAS ORIGINAL, emailid=pdv@yahoo.com}]]>
              </value>
            </param>
          </params>
          <reporter-output>
          </reporter-output>
        </test-method> <!-- submitorder -->
        <test-method status="PASS" signature="tearDown()[pri:0, instance:E_commerceTest.tests.Submit_Test@4ddced80]" name="tearDown" is-config="true" duration-ms="950" started-at="2023-03-04T15:24:54Z" finished-at="2023-03-04T15:24:55Z">
          <reporter-output>
          </reporter-output>
        </test-method> <!-- tearDown -->
      </class> <!-- E_commerceTest.tests.Submit_Test -->
    </test> <!-- Submit_Order -->
  </suite> <!-- Suite -->
</testng-results>
