<?xml version="1.0" encoding="UTF-8"?>
<testng-results ignored="0" total="2" passed="2" failed="0" skipped="0">
  <reporter-output>
  </reporter-output>
  <suite started-at="2023-03-06T18:53:59 IST" name="Suite" finished-at="2023-03-06T18:54:19 IST" duration-ms="19494">
    <groups>
    </groups>
    <test started-at="2023-03-06T18:53:59 IST" name="test" finished-at="2023-03-06T18:54:19 IST" duration-ms="19494">
      <class name="sel_Grid.Grid2_Test">
        <test-method signature="academyCheck()[pri:0, instance:sel_Grid.Grid2_Test@6fd83fc1]" started-at="2023-03-06T18:53:59 IST" name="academyCheck" finished-at="2023-03-06T18:54:19 IST" duration-ms="19431" status="PASS">
          <reporter-output>
          </reporter-output>
        </test-method> <!-- academyCheck -->
      </class> <!-- sel_Grid.Grid2_Test -->
      <class name="sel_Grid.GridTest">
        <test-method signature="googlCheck()[pri:0, instance:sel_Grid.GridTest@22ef9844]" started-at="2023-03-06T18:53:59 IST" name="googlCheck" finished-at="2023-03-06T18:54:13 IST" duration-ms="14268" status="PASS">
          <reporter-output>
          </reporter-output>
        </test-method> <!-- googlCheck -->
      </class> <!-- sel_Grid.GridTest -->
    </test> <!-- test -->
  </suite> <!-- Suite -->
</testng-results>
