<?xml version="1.0" encoding="UTF-8"?>
<!-- Generated by org.testng.reporters.JUnitXMLReporter -->
<testsuite ignored="2" hostname="DESKTOP-64JD4FC" failures="0" tests="0" time="0.014" errors="0" timestamp="2023-02-23T15:36:55 IST">
  <testcase classname="E_commerceTest.tests.Submit_Test" name="OrdersHistory" time="0.0">
    <ignored/>
  </testcase> <!-- OrdersHistory -->
  <testcase classname="E_commerceTest.tests.Submit_Test" name="submitorder" time="0.0">
    <ignored/>
  </testcase> <!-- submitorder -->
</testsuite>
